This file contains any messages produced by compilers while
running configure, to aid debugging if configure makes a mistake.

It was created by MyProject configure 1.0, which was
generated by GNU Autoconf 2.69.  Invocation command line was

  $ ./configure --enable-tests

## --------- ##
## Platform. ##
## --------- ##

hostname = codespaces-c41aef
uname -m = x86_64
uname -r = 6.5.0-1025-azure
uname -s = Linux
uname -v = #26~22.04.1-Ubuntu SMP Thu Jul 11 22:33:04 UTC 2024

/usr/bin/uname -p = x86_64
/bin/uname -X     = unknown

/bin/arch              = x86_64
/usr/bin/arch -k       = unknown
/usr/convex/getsysinfo = unknown
/usr/bin/hostinfo      = unknown
/bin/machine           = unknown
/usr/bin/oslevel       = unknown
/bin/universe          = unknown

PATH: /usr/local/rvm/gems/ruby-3.3.4/bin
PATH: /usr/local/rvm/gems/ruby-3.3.4@global/bin
PATH: /usr/local/rvm/rubies/ruby-3.3.4/bin
PATH: /vscode/bin/linux-x64/138f619c86f1199955d53b4166bef66ef252935c/bin/remote-cli
PATH: /home/codespace/.local/bin
PATH: /home/codespace/.dotnet
PATH: /home/codespace/nvm/current/bin
PATH: /home/codespace/.php/current/bin
PATH: /home/codespace/.python/current/bin
PATH: /home/codespace/java/current/bin
PATH: /home/codespace/.ruby/current/bin
PATH: /home/codespace/.local/bin
PATH: /usr/local/python/current/bin
PATH: /usr/local/py-utils/bin
PATH: /usr/local/oryx
PATH: /usr/local/go/bin
PATH: /go/bin
PATH: /usr/local/sdkman/bin
PATH: /usr/local/sdkman/candidates/java/current/bin
PATH: /usr/local/sdkman/candidates/gradle/current/bin
PATH: /usr/local/sdkman/candidates/maven/current/bin
PATH: /usr/local/sdkman/candidates/ant/current/bin
PATH: /usr/local/rvm/gems/default/bin
PATH: /usr/local/rvm/gems/default@global/bin
PATH: /usr/local/rvm/rubies/default/bin
PATH: /usr/local/share/rbenv/bin
PATH: /usr/local/php/current/bin
PATH: /opt/conda/bin
PATH: /usr/local/nvs
PATH: /usr/local/share/nvm/versions/node/v20.17.0/bin
PATH: /usr/local/hugo/bin
PATH: /usr/local/sbin
PATH: /usr/local/bin
PATH: /usr/sbin
PATH: /usr/bin
PATH: /sbin
PATH: /bin
PATH: /usr/share/dotnet
PATH: /home/codespace/.dotnet/tools
PATH: /usr/local/rvm/bin


## ----------- ##
## Core tests. ##
## ----------- ##

configure:1937: checking for a BSD-compatible install
configure:2005: result: /usr/bin/install -c
configure:2016: checking whether build environment is sane
configure:2071: result: yes
configure:2220: checking for a thread-safe mkdir -p
configure:2259: result: /usr/bin/mkdir -p
configure:2266: checking for gawk
configure:2282: found /usr/bin/gawk
configure:2293: result: gawk
configure:2304: checking whether make sets $(MAKE)
configure:2326: result: yes
configure:2355: checking whether make supports nested variables
configure:2372: result: yes
configure:2557: checking for g++
configure:2573: found /usr/bin/g++
configure:2584: result: g++
configure:2611: checking for C++ compiler version
configure:2620: g++ --version >&5
g++ (Ubuntu 9.4.0-1ubuntu1~20.04.2) 9.4.0
Copyright (C) 2019 Free Software Foundation, Inc.
This is free software; see the source for copying conditions.  There is NO
warranty; not even for MERCHANTABILITY or FITNESS FOR A PARTICULAR PURPOSE.

configure:2631: $? = 0
configure:2620: g++ -v >&5
Using built-in specs.
COLLECT_GCC=g++
COLLECT_LTO_WRAPPER=/usr/lib/gcc/x86_64-linux-gnu/9/lto-wrapper
OFFLOAD_TARGET_NAMES=nvptx-none:hsa
OFFLOAD_TARGET_DEFAULT=1
Target: x86_64-linux-gnu
Configured with: ../src/configure -v --with-pkgversion='Ubuntu 9.4.0-1ubuntu1~20.04.2' --with-bugurl=file:///usr/share/doc/gcc-9/README.Bugs --enable-languages=c,ada,c++,go,brig,d,fortran,objc,obj-c++,gm2 --prefix=/usr --with-gcc-major-version-only --program-suffix=-9 --program-prefix=x86_64-linux-gnu- --enable-shared --enable-linker-build-id --libexecdir=/usr/lib --without-included-gettext --enable-threads=posix --libdir=/usr/lib --enable-nls --enable-clocale=gnu --enable-libstdcxx-debug --enable-libstdcxx-time=yes --with-default-libstdcxx-abi=new --enable-gnu-unique-object --disable-vtable-verify --enable-plugin --enable-default-pie --with-system-zlib --with-target-system-zlib=auto --enable-objc-gc=auto --enable-multiarch --disable-werror --with-arch-32=i686 --with-abi=m64 --with-multilib-list=m32,m64,mx32 --enable-multilib --with-tune=generic --enable-offload-targets=nvptx-none=/build/gcc-9-9QDOt0/gcc-9-9.4.0/debian/tmp-nvptx/usr,hsa --without-cuda-driver --enable-checking=release --build=x86_64-linux-gnu --host=x86_64-linux-gnu --target=x86_64-linux-gnu
Thread model: posix
gcc version 9.4.0 (Ubuntu 9.4.0-1ubuntu1~20.04.2) 
configure:2631: $? = 0
configure:2620: g++ -V >&5
g++: error: unrecognized command line option '-V'
g++: fatal error: no input files
compilation terminated.
configure:2631: $? = 1
configure:2620: g++ -qversion >&5
g++: error: unrecognized command line option '-qversion'; did you mean '--version'?
g++: fatal error: no input files
compilation terminated.
configure:2631: $? = 1
configure:2651: checking whether the C++ compiler works
configure:2673: g++    conftest.cpp  >&5
configure:2677: $? = 0
configure:2725: result: yes
configure:2728: checking for C++ compiler default output file name
configure:2730: result: a.out
configure:2736: checking for suffix of executables
configure:2743: g++ -o conftest    conftest.cpp  >&5
configure:2747: $? = 0
configure:2769: result: 
configure:2791: checking whether we are cross compiling
configure:2799: g++ -o conftest    conftest.cpp  >&5
configure:2803: $? = 0
configure:2810: ./conftest
configure:2814: $? = 0
configure:2802: result: no
configure:2807: checking for suffix of object files
configure:2829: g++ -c   conftest.cpp >&5
configure:2833: $? = 0
configure:2854: result: o
configure:2858: checking whether we are using the GNU C++ compiler
configure:2877: g++ -c   conftest.cpp >&5
configure:2877: $? = 0
configure:2886: result: yes
configure:2895: checking whether g++ accepts -g
configure:2915: g++ -c -g  conftest.cpp >&5
configure:2915: $? = 0
configure:2956: result: yes
configure:2982: checking whether make supports the include directive
configure:2997: make -f confmf.GNU && cat confinc.out
this is the am__doit target
configure:3000: $? = 0
configure:3019: result: yes (GNU style)
configure:3044: checking dependency style of g++
configure:3155: result: gcc3
configure:3219: checking for gcc
configure:3235: found /usr/bin/gcc
configure:3246: result: gcc
configure:3475: checking for C compiler version
configure:3484: gcc --version >&5
gcc (Ubuntu 9.4.0-1ubuntu1~20.04.2) 9.4.0
Copyright (C) 2019 Free Software Foundation, Inc.
This is free software; see the source for copying conditions.  There is NO
warranty; not even for MERCHANTABILITY or FITNESS FOR A PARTICULAR PURPOSE.

configure:3495: $? = 0
configure:3484: gcc -v >&5
Using built-in specs.
COLLECT_GCC=gcc
COLLECT_LTO_WRAPPER=/usr/lib/gcc/x86_64-linux-gnu/9/lto-wrapper
OFFLOAD_TARGET_NAMES=nvptx-none:hsa
OFFLOAD_TARGET_DEFAULT=1
Target: x86_64-linux-gnu
Configured with: ../src/configure -v --with-pkgversion='Ubuntu 9.4.0-1ubuntu1~20.04.2' --with-bugurl=file:///usr/share/doc/gcc-9/README.Bugs --enable-languages=c,ada,c++,go,brig,d,fortran,objc,obj-c++,gm2 --prefix=/usr --with-gcc-major-version-only --program-suffix=-9 --program-prefix=x86_64-linux-gnu- --enable-shared --enable-linker-build-id --libexecdir=/usr/lib --without-included-gettext --enable-threads=posix --libdir=/usr/lib --enable-nls --enable-clocale=gnu --enable-libstdcxx-debug --enable-libstdcxx-time=yes --with-default-libstdcxx-abi=new --enable-gnu-unique-object --disable-vtable-verify --enable-plugin --enable-default-pie --with-system-zlib --with-target-system-zlib=auto --enable-objc-gc=auto --enable-multiarch --disable-werror --with-arch-32=i686 --with-abi=m64 --with-multilib-list=m32,m64,mx32 --enable-multilib --with-tune=generic --enable-offload-targets=nvptx-none=/build/gcc-9-9QDOt0/gcc-9-9.4.0/debian/tmp-nvptx/usr,hsa --without-cuda-driver --enable-checking=release --build=x86_64-linux-gnu --host=x86_64-linux-gnu --target=x86_64-linux-gnu
Thread model: posix
gcc version 9.4.0 (Ubuntu 9.4.0-1ubuntu1~20.04.2) 
configure:3495: $? = 0
configure:3484: gcc -V >&5
gcc: error: unrecognized command line option '-V'
gcc: fatal error: no input files
compilation terminated.
configure:3495: $? = 1
configure:3484: gcc -qversion >&5
gcc: error: unrecognized command line option '-qversion'; did you mean '--version'?
gcc: fatal error: no input files
compilation terminated.
configure:3495: $? = 1
configure:3499: checking whether we are using the GNU C compiler
configure:3518: gcc -c   conftest.c >&5
configure:3518: $? = 0
configure:3527: result: yes
configure:3536: checking whether gcc accepts -g
configure:3556: gcc -c -g  conftest.c >&5
configure:3556: $? = 0
configure:3597: result: yes
configure:3614: checking for gcc option to accept ISO C89
configure:3677: gcc  -c -g -O2  conftest.c >&5
configure:3677: $? = 0
configure:3690: result: none needed
configure:3715: checking whether gcc understands -c and -o together
configure:3737: gcc -c conftest.c -o conftest2.o
configure:3740: $? = 0
configure:3737: gcc -c conftest.c -o conftest2.o
configure:3740: $? = 0
configure:3752: result: yes
configure:3771: checking dependency style of gcc
configure:3882: result: gcc3
configure:3898: checking for pow in -lm
configure:3923: gcc -o conftest -g -O2   conftest.c -lm   >&5
conftest.c:18:6: warning: conflicting types for built-in function 'pow'; expected 'double(double,  double)' [-Wbuiltin-declaration-mismatch]
   18 | char pow ();
      |      ^~~
conftest.c:1:1: note: 'pow' is declared in header '<math.h>'
    1 | /* confdefs.h */
configure:3923: $? = 0
configure:3932: result: yes

## ---------------- ##
## Cache variables. ##
## ---------------- ##

ac_cv_c_compiler_gnu=yes
ac_cv_cxx_compiler_gnu=yes
ac_cv_env_CCC_set=
ac_cv_env_CCC_value=
ac_cv_env_CC_set=
ac_cv_env_CC_value=
ac_cv_env_CFLAGS_set=
ac_cv_env_CFLAGS_value=
ac_cv_env_CPPFLAGS_set=
ac_cv_env_CPPFLAGS_value=
ac_cv_env_CXXFLAGS_set=
ac_cv_env_CXXFLAGS_value=
ac_cv_env_CXX_set=
ac_cv_env_CXX_value=
ac_cv_env_LDFLAGS_set=
ac_cv_env_LDFLAGS_value=
ac_cv_env_LIBS_set=
ac_cv_env_LIBS_value=
ac_cv_env_build_alias_set=
ac_cv_env_build_alias_value=
ac_cv_env_host_alias_set=
ac_cv_env_host_alias_value=
ac_cv_env_target_alias_set=
ac_cv_env_target_alias_value=
ac_cv_lib_m_pow=yes
ac_cv_objext=o
ac_cv_path_install='/usr/bin/install -c'
ac_cv_path_mkdir=/usr/bin/mkdir
ac_cv_prog_AWK=gawk
ac_cv_prog_ac_ct_CC=gcc
ac_cv_prog_ac_ct_CXX=g++
ac_cv_prog_cc_c89=
ac_cv_prog_cc_g=yes
ac_cv_prog_cxx_g=yes
ac_cv_prog_make_make_set=yes
am_cv_CC_dependencies_compiler_type=gcc3
am_cv_CXX_dependencies_compiler_type=gcc3
am_cv_make_support_nested_variables=yes
am_cv_prog_cc_c_o=yes

## ----------------- ##
## Output variables. ##
## ----------------- ##

ACLOCAL='${SHELL} /workspaces/devops2/missing aclocal-1.16'
AMDEPBACKSLASH='\'
AMDEP_FALSE='#'
AMDEP_TRUE=''
AMTAR='$${TAR-tar}'
AM_BACKSLASH='\'
AM_DEFAULT_V='$(AM_DEFAULT_VERBOSITY)'
AM_DEFAULT_VERBOSITY='1'
AM_V='$(V)'
AUTOCONF='${SHELL} /workspaces/devops2/missing autoconf'
AUTOHEADER='${SHELL} /workspaces/devops2/missing autoheader'
AUTOMAKE='${SHELL} /workspaces/devops2/missing automake-1.16'
AWK='gawk'
CC='gcc'
CCDEPMODE='depmode=gcc3'
CFLAGS='-g -O2'
CPPFLAGS=''
CXX='g++'
CXXDEPMODE='depmode=gcc3'
CXXFLAGS='-g -O2'
CYGPATH_W='echo'
DEFS=''
DEPDIR='.deps'
ECHO_C=''
ECHO_N='-n'
ECHO_T=''
EXEEXT=''
INSTALL_DATA='${INSTALL} -m 644'
INSTALL_PROGRAM='${INSTALL}'
INSTALL_SCRIPT='${INSTALL}'
INSTALL_STRIP_PROGRAM='$(install_sh) -c -s'
LDFLAGS=''
LIBOBJS=''
LIBS='-lm '
LTLIBOBJS=''
MAKEINFO='${SHELL} /workspaces/devops2/missing makeinfo'
MKDIR_P='/usr/bin/mkdir -p'
OBJEXT='o'
PACKAGE='myproject'
PACKAGE_BUGREPORT='your-email@example.com'
PACKAGE_NAME='MyProject'
PACKAGE_STRING='MyProject 1.0'
PACKAGE_TARNAME='myproject'
PACKAGE_URL=''
PACKAGE_VERSION='1.0'
PATH_SEPARATOR=':'
SET_MAKE=''
SHELL='/bin/bash'
STRIP=''
VERSION='1.0'
ac_ct_CC='gcc'
ac_ct_CXX='g++'
am__EXEEXT_FALSE=''
am__EXEEXT_TRUE=''
am__fastdepCC_FALSE='#'
am__fastdepCC_TRUE=''
am__fastdepCXX_FALSE='#'
am__fastdepCXX_TRUE=''
am__include='include'
am__isrc=''
am__leading_dot='.'
am__nodep='_no'
am__quote=''
am__tar='$${TAR-tar} chof - "$$tardir"'
am__untar='$${TAR-tar} xf -'
bindir='${exec_prefix}/bin'
build_alias=''
check_PROGRAMS=''
datadir='${datarootdir}'
datarootdir='${prefix}/share'
docdir='${datarootdir}/doc/${PACKAGE_TARNAME}'
dvidir='${docdir}'
exec_prefix='NONE'
host_alias=''
htmldir='${docdir}'
includedir='${prefix}/include'
infodir='${datarootdir}/info'
install_sh='${SHELL} /workspaces/devops2/install-sh'
libdir='${exec_prefix}/lib'
libexecdir='${exec_prefix}/libexec'
localedir='${datarootdir}/locale'
localstatedir='${prefix}/var'
mandir='${datarootdir}/man'
mkdir_p='$(MKDIR_P)'
oldincludedir='/usr/include'
pdfdir='${docdir}'
prefix='NONE'
program_transform_name='s,x,x,'
psdir='${docdir}'
runstatedir='${localstatedir}/run'
sbindir='${exec_prefix}/sbin'
sharedstatedir='${prefix}/com'
sysconfdir='${prefix}/etc'
target_alias=''

## ----------- ##
## confdefs.h. ##
## ----------- ##

/* confdefs.h */
#define PACKAGE_NAME "MyProject"
#define PACKAGE_TARNAME "myproject"
#define PACKAGE_VERSION "1.0"
#define PACKAGE_STRING "MyProject 1.0"
#define PACKAGE_BUGREPORT "your-email@example.com"
#define PACKAGE_URL ""
#define PACKAGE "myproject"
#define VERSION "1.0"
#define HAVE_LIBM 1

configure: exit 2
